[INFO][0][<module>] Linux dec2182 5.14.21-150400.24.46_12.0.73-cray_shasta_c #1 SMP Thu May 18 23:03:34 UTC 2023 (9c4698c) x86_64 x86_64
[INFO][0][<module>] /glade/u/home/rfisher/.local/lib/python3.9/site-packages/ILAMB (2.7)
[INFO][0][<module>] /glade/u/apps/opt/conda/envs/npl-2023a/lib/python3.9/site-packages/numpy (1.23.5)
[INFO][0][<module>] /glade/u/apps/opt/conda/envs/npl-2023a/lib/python3.9/site-packages/matplotlib (3.6.3)
[INFO][0][<module>] /glade/u/apps/opt/conda/envs/npl-2023a/lib/python3.9/site-packages/netCDF4 (1.6.2)
[INFO][0][<module>] /glade/u/apps/opt/conda/envs/npl-2023a/lib/python3.9/site-packages/cf_units (3.1.1)
[INFO][0][<module>] /glade/u/home/rfisher/.local/lib/python3.9/site-packages/sympy (1.12)
[INFO][0][<module>] /glade/u/apps/opt/conda/envs/npl-2023a/lib/python3.9/site-packages/mpi4py (3.1.4)
[INFO][0][<module>] 2023-09-07 08:10:59.052391
[INFO][0][AnalysisMeanStateSites][FPSN] Bias scored using Collier2018
[INFO][0][AnalysisMeanStateSites][FPSN] RMSE scored using Collier2018
[INFO][0][confront][GrossPrimaryProductivity/Fluxnet][RTM_ens37_case_0] Success
[INFO][0][AnalysisMeanStateSites][FPSN] Bias scored using Collier2018
[INFO][0][AnalysisMeanStateSites][FPSN] RMSE scored using Collier2018
[INFO][0][confront][GrossPrimaryProductivity/Fluxnet][RTM_ens37_case_1] Success
[INFO][0][AnalysisMeanStateSites][FPSN] Bias scored using Collier2018
[INFO][0][AnalysisMeanStateSites][FPSN] RMSE scored using Collier2018
[INFO][0][confront][GrossPrimaryProductivity/Fluxnet][RTM_ens37_case_2] Success
[INFO][0][MakeComparable][GrossPrimaryProductivity/GBAF][RTM_ens37_case_0] Spatial data was clipped from the reference:  before: [324 360 720] after: [324 360 711]
[INFO][0][AnalysisMeanStateSpace][FPSN] Bias scored using Collier2018
[INFO][0][AnalysisMeanStateSpace][FPSN] RMSE scored using Collier2018
[INFO][0][confront][GrossPrimaryProductivity/GBAF][RTM_ens37_case_0] Success
[INFO][0][MakeComparable][GrossPrimaryProductivity/GBAF][RTM_ens37_case_1] Spatial data was clipped from the reference:  before: [324 360 720] after: [324 360 711]
[INFO][0][AnalysisMeanStateSpace][FPSN] Bias scored using Collier2018
[INFO][0][AnalysisMeanStateSpace][FPSN] RMSE scored using Collier2018
[INFO][0][confront][GrossPrimaryProductivity/GBAF][RTM_ens37_case_1] Success
[INFO][0][MakeComparable][GrossPrimaryProductivity/GBAF][RTM_ens37_case_2] Spatial data was clipped from the reference:  before: [324 360 720] after: [324 360 711]
[INFO][0][AnalysisMeanStateSpace][FPSN] Bias scored using Collier2018
[INFO][0][AnalysisMeanStateSpace][FPSN] RMSE scored using Collier2018
[INFO][0][confront][GrossPrimaryProductivity/GBAF][RTM_ens37_case_2] Success
[INFO][0][MakeComparable][Evapotranspiration/GLEAM][RTM_ens37_case_0] Spatial data was clipped from the reference:  before: [384 360 720] after: [384 360 711]
[INFO][0][AnalysisMeanStateSpace][et] Bias scored using Collier2018
[INFO][0][AnalysisMeanStateSpace][et] RMSE scored using Collier2018
[INFO][0][confront][Evapotranspiration/GLEAM][RTM_ens37_case_0] Success
[INFO][0][MakeComparable][Evapotranspiration/GLEAM][RTM_ens37_case_1] Spatial data was clipped from the reference:  before: [384 360 720] after: [384 360 711]
[INFO][0][AnalysisMeanStateSpace][et] Bias scored using Collier2018
[INFO][0][AnalysisMeanStateSpace][et] RMSE scored using Collier2018
[INFO][0][confront][Evapotranspiration/GLEAM][RTM_ens37_case_1] Success
[INFO][0][MakeComparable][Evapotranspiration/GLEAM][RTM_ens37_case_2] Spatial data was clipped from the reference:  before: [384 360 720] after: [384 360 711]
[INFO][0][AnalysisMeanStateSpace][et] Bias scored using Collier2018
[INFO][0][AnalysisMeanStateSpace][et] RMSE scored using Collier2018
[INFO][0][confront][Evapotranspiration/GLEAM][RTM_ens37_case_2] Success
[INFO][0][modelPlots][GrossPrimaryProductivity/Fluxnet][RTM_ens37_case_0] Success
[INFO][0][modelPlots][GrossPrimaryProductivity/Fluxnet][RTM_ens37_case_1] Success
[INFO][0][modelPlots][GrossPrimaryProductivity/Fluxnet][RTM_ens37_case_2] Success
[INFO][0][modelPlots][GrossPrimaryProductivity/GBAF][RTM_ens37_case_0] Success
[INFO][0][modelPlots][GrossPrimaryProductivity/GBAF][RTM_ens37_case_1] Success
[INFO][0][modelPlots][GrossPrimaryProductivity/GBAF][RTM_ens37_case_2] Success
[INFO][0][modelPlots][Evapotranspiration/GLEAM][RTM_ens37_case_0] Success
[INFO][0][modelPlots][Evapotranspiration/GLEAM][RTM_ens37_case_1] Success
[INFO][0][modelPlots][Evapotranspiration/GLEAM][RTM_ens37_case_2] Success
[INFO][0][modelPlots][Evapotranspiration/MODIS][RTM_ens37_case_0] Success
[INFO][0][modelPlots][Evapotranspiration/MODIS][RTM_ens37_case_1] Success
[INFO][0][modelPlots][Evapotranspiration/MODIS][RTM_ens37_case_2] Success
[INFO][0][<module>][total time] 1164.6 s
