[INFO][0][<module>] Linux dec2433 5.14.21-150400.24.46_12.0.73-cray_shasta_c #1 SMP Thu May 18 23:03:34 UTC 2023 (9c4698c) x86_64 x86_64
[INFO][0][<module>] /glade/u/home/rfisher/.local/lib/python3.9/site-packages/ILAMB (2.7)
[INFO][0][<module>] /glade/u/apps/opt/conda/envs/npl-2023a/lib/python3.9/site-packages/numpy (1.23.5)
[INFO][0][<module>] /glade/u/apps/opt/conda/envs/npl-2023a/lib/python3.9/site-packages/matplotlib (3.6.3)
[INFO][0][<module>] /glade/u/apps/opt/conda/envs/npl-2023a/lib/python3.9/site-packages/netCDF4 (1.6.2)
[INFO][0][<module>] /glade/u/apps/opt/conda/envs/npl-2023a/lib/python3.9/site-packages/cf_units (3.1.1)
[INFO][0][<module>] /glade/u/home/rfisher/.local/lib/python3.9/site-packages/sympy (1.12)
[INFO][0][<module>] /glade/u/apps/opt/conda/envs/npl-2023a/lib/python3.9/site-packages/mpi4py (3.1.4)
[INFO][0][<module>] 2023-09-12 06:15:38.381088
[INFO][5][modelPlots][LeafAreaIndex/AVHRR][RTM_ens36_case_4] Success
[INFO][1][modelPlots][GrossPrimaryProductivity/GBAF][RTM_ens36_case_4] Success
[INFO][6][modelPlots][LeafAreaIndex/MODIS][RTM_ens36_case_0] Success
[INFO][2][modelPlots][Evapotranspiration/MODIS][RTM_ens36_case_0] Success
[INFO][0][modelPlots][GrossPrimaryProductivity/GBAF][RTM_ens36_case_0] Success
[INFO][7][modelPlots][LeafAreaIndex/MODIS][RTM_ens36_case_3] Success
[INFO][4][modelPlots][LeafAreaIndex/AVHRR][RTM_ens36_case_0] Success
[INFO][3][modelPlots][Evapotranspiration/MODIS][RTM_ens36_case_3] Success
[INFO][0][modelPlots][GrossPrimaryProductivity/GBAF][RTM_ens36_case_3] Success
[INFO][7][modelPlots][LeafAreaIndex/MODIS][RTM_ens36_case_4] Success
[INFO][4][modelPlots][LeafAreaIndex/AVHRR][RTM_ens36_case_3] Success
[INFO][3][modelPlots][Evapotranspiration/MODIS][RTM_ens36_case_4] Success
[INFO][3][<module>][process time] 9.3 s
[INFO][1][<module>][process time] 5.1 s
[INFO][7][<module>][process time] 9.1 s
[INFO][5][<module>][process time] 4.7 s
[INFO][6][<module>][process time] 5.2 s
[INFO][0][<module>][process time] 9.1 s
[INFO][4][<module>][process time] 9.2 s
[INFO][2][<module>][process time] 5.1 s
[INFO][0][<module>][total time] 14.7 s
[INFO][0][<module>][process balance] 1.96
[INFO][0][<module>][parallel efficiency] 48%
